<?xml version="1.0" encoding="UTF-8"?>
<!-- Generated by org.testng.reporters.JUnitXMLReporter -->
<testsuite ignored="0" hostname="NTL-US-DIWAKARS" failures="2" tests="2" name="Book a Flight" time="26.863" errors="0" timestamp="2020-08-26T10:04:39 EDT">
  <testcase classname="testCases.FlightBook" name="BookFlight" time="6.238">
    <failure type="java.lang.AssertionError" message="expected [true] but found [false]">
      <![CDATA[java.lang.AssertionError: expected [true] but found [false]
at testCases.FlightBook.BookFlight(FlightBook.java:36)
at java.base/java.util.ArrayList.forEach(ArrayList.java:1510)
... Removed 31 stack frames]]>
    </failure>
  </testcase> <!-- BookFlight -->
  <testcase classname="testCases.FlightBook" name="BookFlight" time="1.649">
    <failure type="java.lang.AssertionError" message="expected [true] but found [false]">
      <![CDATA[java.lang.AssertionError: expected [true] but found [false]
at testCases.FlightBook.BookFlight(FlightBook.java:36)
at java.base/java.util.ArrayList.forEach(ArrayList.java:1510)
... Removed 31 stack frames]]>
    </failure>
  </testcase> <!-- BookFlight -->
</testsuite> <!-- Book a Flight -->
