<?xml version="1.0" encoding="UTF-8"?>
<!-- Generated by org.testng.reporters.JUnitXMLReporter -->
<testsuite ignored="0" hostname="NTL-US-DIWAKARS" failures="0" tests="4" name="User_Registration" time="50.955" errors="0" timestamp="2020-08-26T11:21:05 EDT">
  <testcase classname="testCases.FlightBook" name="BookFlight" time="17.142"/>
  <testcase classname="testCases.UsrRegistration" name="RegisterUser" time="17.26"/>
  <testcase classname="testCases.FlightBook" name="BookFlight" time="3.318"/>
  <testcase classname="testCases.UsrRegistration" name="RegisterUser" time="17.856"/>
</testsuite> <!-- User_Registration -->
