<?xml version="1.0" encoding="UTF-8"?>
<testsuite xmlns:xsi="http://www.w3.org/2001/XMLSchema-instance" xsi:noNamespaceSchemaLocation="https://maven.apache.org/surefire/maven-surefire-plugin/xsd/surefire-test-report-3.0.xsd" version="3.0" name="TestSuite" time="12.135" tests="12" errors="0" skipped="10" failures="2">
  <properties>
[...]
</properties>
  <testcase name="initilizeDriver" classname="testCases.UsrRegistration" time="11.72">
    <failure message="session not created: This version of ChromeDriver only supports Chrome version 83&#10;Build info: version: &apos;3.141.59&apos;, revision: &apos;e82be7d358&apos;, time: &apos;2018-11-14T08:17:03&apos;&#10;System info: host: &apos;LAP-NJ-10065372&apos;, ip: &apos;172.26.28.37&apos;, os.name: &apos;Windows 10&apos;, os.arch: &apos;amd64&apos;, os.version: &apos;10.0&apos;, java.version: &apos;1.8.0_261&apos;&#10;Driver info: driver.version: ChromeDriver&#10;remote stacktrace: Backtrace:&#10;	Ordinal0 [0x012F9563+2725219]&#10;	Ordinal0 [0x011F8551+1672529]&#10;	Ordinal0 [0x010E0359+525145]&#10;	Ordinal0 [0x01070B77+68471]&#10;	Ordinal0 [0x0106D32C+54060]&#10;	Ordinal0 [0x0108CC37+183351]&#10;	Ordinal0 [0x0108CA3D+182845]&#10;	Ordinal0 [0x0108A94B+174411]&#10;	Ordinal0 [0x01072528+75048]&#10;	Ordinal0 [0x010735A0+79264]&#10;	Ordinal0 [0x01073539+79161]&#10;	Ordinal0 [0x0120D607+1758727]&#10;	GetHandleVerifier [0x01416546+1050150]&#10;	GetHandleVerifier [0x01416291+1049457]&#10;	GetHandleVerifier [0x014210D7+1094071]&#10;	GetHandleVerifier [0x01416B46+1051686]&#10;	Ordinal0 [0x01205B06+1727238]&#10;	Ordinal0 [0x0120EB7B+1764219]&#10;	Ordinal0 [0x0120ECE3+1764579]&#10;	Ordinal0 [0x01224C05+1854469]&#10;	BaseThreadInitThunk [0x77418494+36]&#10;	RtlAreBitsSet [0x77684328+136]&#10;	RtlAreBitsSet [0x776842F8+88]&#10;" type="org.openqa.selenium.SessionNotCreatedException"><![CDATA[org.openqa.selenium.SessionNotCreatedException: 
session not created: This version of ChromeDriver only supports Chrome version 83
Build info: version: '3.141.59', revision: 'e82be7d358', time: '2018-11-14T08:17:03'
System info: host: 'LAP-NJ-10065372', ip: '172.26.28.37', os.name: 'Windows 10', os.arch: 'amd64', os.version: '10.0', java.version: '1.8.0_261'
Driver info: driver.version: ChromeDriver
remote stacktrace: Backtrace:
	Ordinal0 [0x012F9563+2725219]
	Ordinal0 [0x011F8551+1672529]
	Ordinal0 [0x010E0359+525145]
	Ordinal0 [0x01070B77+68471]
	Ordinal0 [0x0106D32C+54060]
	Ordinal0 [0x0108CC37+183351]
	Ordinal0 [0x0108CA3D+182845]
	Ordinal0 [0x0108A94B+174411]
	Ordinal0 [0x01072528+75048]
	Ordinal0 [0x010735A0+79264]
	Ordinal0 [0x01073539+79161]
	Ordinal0 [0x0120D607+1758727]
	GetHandleVerifier [0x01416546+1050150]
	GetHandleVerifier [0x01416291+1049457]
	GetHandleVerifier [0x014210D7+1094071]
	GetHandleVerifier [0x01416B46+1051686]
	Ordinal0 [0x01205B06+1727238]
	Ordinal0 [0x0120EB7B+1764219]
	Ordinal0 [0x0120ECE3+1764579]
	Ordinal0 [0x01224C05+1854469]
	BaseThreadInitThunk [0x77418494+36]
	RtlAreBitsSet [0x77684328+136]
	RtlAreBitsSet [0x776842F8+88]

]]></failure>
    <system-err><![CDATA[Starting ChromeDriver 83.0.4103.39 (ccbf011cb2d2b19b506d844400483861342c20cd-refs/branch-heads/4103@{#416}) on port 6413
Only local connections are allowed.
Please see https://chromedriver.chromium.org/security-considerations for suggestions on keeping ChromeDriver safe.
Starting ChromeDriver 83.0.4103.39 (ccbf011cb2d2b19b506d844400483861342c20cd-refs/branch-heads/4103@{#416}) on port 35359
Only local connections are allowed.
Please see https://chromedriver.chromium.org/security-considerations for suggestions on keeping ChromeDriver safe.
ChromeDriver was started successfully.
ChromeDriver was started successfully.
]]></system-err>
  </testcase>
  <testcase name="initilizeDriver" classname="testCases.UsrRegistration" time="0">
    <skipped/>
  </testcase>
  <testcase name="RegisterUser" classname="testCases.UsrRegistration" time="0">
    <skipped message="session not created: This version of ChromeDriver only supports Chrome version 83&#10;Build info: version: &apos;3.141.59&apos;, revision: &apos;e82be7d358&apos;, time: &apos;2018-11-14T08:17:03&apos;&#10;System info: host: &apos;LAP-NJ-10065372&apos;, ip: &apos;172.26.28.37&apos;, os.name: &apos;Windows 10&apos;, os.arch: &apos;amd64&apos;, os.version: &apos;10.0&apos;, java.version: &apos;1.8.0_261&apos;&#10;Driver info: driver.version: ChromeDriver&#10;remote stacktrace: Backtrace:&#10;	Ordinal0 [0x012F9563+2725219]&#10;	Ordinal0 [0x011F8551+1672529]&#10;	Ordinal0 [0x010E0359+525145]&#10;	Ordinal0 [0x01070B77+68471]&#10;	Ordinal0 [0x0106D32C+54060]&#10;	Ordinal0 [0x0108CC37+183351]&#10;	Ordinal0 [0x0108CA3D+182845]&#10;	Ordinal0 [0x0108A94B+174411]&#10;	Ordinal0 [0x01072528+75048]&#10;	Ordinal0 [0x010735A0+79264]&#10;	Ordinal0 [0x01073539+79161]&#10;	Ordinal0 [0x0120D607+1758727]&#10;	GetHandleVerifier [0x01416546+1050150]&#10;	GetHandleVerifier [0x01416291+1049457]&#10;	GetHandleVerifier [0x014210D7+1094071]&#10;	GetHandleVerifier [0x01416B46+1051686]&#10;	Ordinal0 [0x01205B06+1727238]&#10;	Ordinal0 [0x0120EB7B+1764219]&#10;	Ordinal0 [0x0120ECE3+1764579]&#10;	Ordinal0 [0x01224C05+1854469]&#10;	BaseThreadInitThunk [0x77418494+36]&#10;	RtlAreBitsSet [0x77684328+136]&#10;	RtlAreBitsSet [0x776842F8+88]&#10;"/>
  </testcase>
  <testcase name="RegisterUser" classname="testCases.UsrRegistration" time="0">
    <skipped message="session not created: This version of ChromeDriver only supports Chrome version 83&#10;Build info: version: &apos;3.141.59&apos;, revision: &apos;e82be7d358&apos;, time: &apos;2018-11-14T08:17:03&apos;&#10;System info: host: &apos;LAP-NJ-10065372&apos;, ip: &apos;172.26.28.37&apos;, os.name: &apos;Windows 10&apos;, os.arch: &apos;amd64&apos;, os.version: &apos;10.0&apos;, java.version: &apos;1.8.0_261&apos;&#10;Driver info: driver.version: ChromeDriver&#10;remote stacktrace: Backtrace:&#10;	Ordinal0 [0x012F9563+2725219]&#10;	Ordinal0 [0x011F8551+1672529]&#10;	Ordinal0 [0x010E0359+525145]&#10;	Ordinal0 [0x01070B77+68471]&#10;	Ordinal0 [0x0106D32C+54060]&#10;	Ordinal0 [0x0108CC37+183351]&#10;	Ordinal0 [0x0108CA3D+182845]&#10;	Ordinal0 [0x0108A94B+174411]&#10;	Ordinal0 [0x01072528+75048]&#10;	Ordinal0 [0x010735A0+79264]&#10;	Ordinal0 [0x01073539+79161]&#10;	Ordinal0 [0x0120D607+1758727]&#10;	GetHandleVerifier [0x01416546+1050150]&#10;	GetHandleVerifier [0x01416291+1049457]&#10;	GetHandleVerifier [0x014210D7+1094071]&#10;	GetHandleVerifier [0x01416B46+1051686]&#10;	Ordinal0 [0x01205B06+1727238]&#10;	Ordinal0 [0x0120EB7B+1764219]&#10;	Ordinal0 [0x0120ECE3+1764579]&#10;	Ordinal0 [0x01224C05+1854469]&#10;	BaseThreadInitThunk [0x77418494+36]&#10;	RtlAreBitsSet [0x77684328+136]&#10;	RtlAreBitsSet [0x776842F8+88]&#10;"/>
  </testcase>
  <testcase name="quitDriver" classname="testCases.UsrRegistration" time="0">
    <skipped/>
  </testcase>
  <testcase name="quitDriver" classname="testCases.UsrRegistration" time="0">
    <skipped/>
  </testcase>
  <testcase name="initilizeDriver" classname="testCases.FlightBook" time="0">
    <failure message="session not created: This version of ChromeDriver only supports Chrome version 83&#10;Build info: version: &apos;3.141.59&apos;, revision: &apos;e82be7d358&apos;, time: &apos;2018-11-14T08:17:03&apos;&#10;System info: host: &apos;LAP-NJ-10065372&apos;, ip: &apos;172.26.28.37&apos;, os.name: &apos;Windows 10&apos;, os.arch: &apos;amd64&apos;, os.version: &apos;10.0&apos;, java.version: &apos;1.8.0_261&apos;&#10;Driver info: driver.version: ChromeDriver&#10;remote stacktrace: Backtrace:&#10;	Ordinal0 [0x012F9563+2725219]&#10;	Ordinal0 [0x011F8551+1672529]&#10;	Ordinal0 [0x010E0359+525145]&#10;	Ordinal0 [0x01070B77+68471]&#10;	Ordinal0 [0x0106D32C+54060]&#10;	Ordinal0 [0x0108CC37+183351]&#10;	Ordinal0 [0x0108CA3D+182845]&#10;	Ordinal0 [0x0108A94B+174411]&#10;	Ordinal0 [0x01072528+75048]&#10;	Ordinal0 [0x010735A0+79264]&#10;	Ordinal0 [0x01073539+79161]&#10;	Ordinal0 [0x0120D607+1758727]&#10;	GetHandleVerifier [0x01416546+1050150]&#10;	GetHandleVerifier [0x01416291+1049457]&#10;	GetHandleVerifier [0x014210D7+1094071]&#10;	GetHandleVerifier [0x01416B46+1051686]&#10;	Ordinal0 [0x01205B06+1727238]&#10;	Ordinal0 [0x0120EB7B+1764219]&#10;	Ordinal0 [0x0120ECE3+1764579]&#10;	Ordinal0 [0x01224C05+1854469]&#10;	BaseThreadInitThunk [0x77418494+36]&#10;	RtlAreBitsSet [0x77684328+136]&#10;	RtlAreBitsSet [0x776842F8+88]&#10;" type="org.openqa.selenium.SessionNotCreatedException"><![CDATA[org.openqa.selenium.SessionNotCreatedException: 
session not created: This version of ChromeDriver only supports Chrome version 83
Build info: version: '3.141.59', revision: 'e82be7d358', time: '2018-11-14T08:17:03'
System info: host: 'LAP-NJ-10065372', ip: '172.26.28.37', os.name: 'Windows 10', os.arch: 'amd64', os.version: '10.0', java.version: '1.8.0_261'
Driver info: driver.version: ChromeDriver
remote stacktrace: Backtrace:
	Ordinal0 [0x012F9563+2725219]
	Ordinal0 [0x011F8551+1672529]
	Ordinal0 [0x010E0359+525145]
	Ordinal0 [0x01070B77+68471]
	Ordinal0 [0x0106D32C+54060]
	Ordinal0 [0x0108CC37+183351]
	Ordinal0 [0x0108CA3D+182845]
	Ordinal0 [0x0108A94B+174411]
	Ordinal0 [0x01072528+75048]
	Ordinal0 [0x010735A0+79264]
	Ordinal0 [0x01073539+79161]
	Ordinal0 [0x0120D607+1758727]
	GetHandleVerifier [0x01416546+1050150]
	GetHandleVerifier [0x01416291+1049457]
	GetHandleVerifier [0x014210D7+1094071]
	GetHandleVerifier [0x01416B46+1051686]
	Ordinal0 [0x01205B06+1727238]
	Ordinal0 [0x0120EB7B+1764219]
	Ordinal0 [0x0120ECE3+1764579]
	Ordinal0 [0x01224C05+1854469]
	BaseThreadInitThunk [0x77418494+36]
	RtlAreBitsSet [0x77684328+136]
	RtlAreBitsSet [0x776842F8+88]

]]></failure>
  </testcase>
  <testcase name="initilizeDriver" classname="testCases.FlightBook" time="0">
    <skipped/>
  </testcase>
  <testcase name="BookFlight" classname="testCases.FlightBook" time="0">
    <skipped message="session not created: This version of ChromeDriver only supports Chrome version 83&#10;Build info: version: &apos;3.141.59&apos;, revision: &apos;e82be7d358&apos;, time: &apos;2018-11-14T08:17:03&apos;&#10;System info: host: &apos;LAP-NJ-10065372&apos;, ip: &apos;172.26.28.37&apos;, os.name: &apos;Windows 10&apos;, os.arch: &apos;amd64&apos;, os.version: &apos;10.0&apos;, java.version: &apos;1.8.0_261&apos;&#10;Driver info: driver.version: ChromeDriver&#10;remote stacktrace: Backtrace:&#10;	Ordinal0 [0x012F9563+2725219]&#10;	Ordinal0 [0x011F8551+1672529]&#10;	Ordinal0 [0x010E0359+525145]&#10;	Ordinal0 [0x01070B77+68471]&#10;	Ordinal0 [0x0106D32C+54060]&#10;	Ordinal0 [0x0108CC37+183351]&#10;	Ordinal0 [0x0108CA3D+182845]&#10;	Ordinal0 [0x0108A94B+174411]&#10;	Ordinal0 [0x01072528+75048]&#10;	Ordinal0 [0x010735A0+79264]&#10;	Ordinal0 [0x01073539+79161]&#10;	Ordinal0 [0x0120D607+1758727]&#10;	GetHandleVerifier [0x01416546+1050150]&#10;	GetHandleVerifier [0x01416291+1049457]&#10;	GetHandleVerifier [0x014210D7+1094071]&#10;	GetHandleVerifier [0x01416B46+1051686]&#10;	Ordinal0 [0x01205B06+1727238]&#10;	Ordinal0 [0x0120EB7B+1764219]&#10;	Ordinal0 [0x0120ECE3+1764579]&#10;	Ordinal0 [0x01224C05+1854469]&#10;	BaseThreadInitThunk [0x77418494+36]&#10;	RtlAreBitsSet [0x77684328+136]&#10;	RtlAreBitsSet [0x776842F8+88]&#10;"/>
  </testcase>
  <testcase name="BookFlight" classname="testCases.FlightBook" time="0">
    <skipped message="session not created: This version of ChromeDriver only supports Chrome version 83&#10;Build info: version: &apos;3.141.59&apos;, revision: &apos;e82be7d358&apos;, time: &apos;2018-11-14T08:17:03&apos;&#10;System info: host: &apos;LAP-NJ-10065372&apos;, ip: &apos;172.26.28.37&apos;, os.name: &apos;Windows 10&apos;, os.arch: &apos;amd64&apos;, os.version: &apos;10.0&apos;, java.version: &apos;1.8.0_261&apos;&#10;Driver info: driver.version: ChromeDriver&#10;remote stacktrace: Backtrace:&#10;	Ordinal0 [0x012F9563+2725219]&#10;	Ordinal0 [0x011F8551+1672529]&#10;	Ordinal0 [0x010E0359+525145]&#10;	Ordinal0 [0x01070B77+68471]&#10;	Ordinal0 [0x0106D32C+54060]&#10;	Ordinal0 [0x0108CC37+183351]&#10;	Ordinal0 [0x0108CA3D+182845]&#10;	Ordinal0 [0x0108A94B+174411]&#10;	Ordinal0 [0x01072528+75048]&#10;	Ordinal0 [0x010735A0+79264]&#10;	Ordinal0 [0x01073539+79161]&#10;	Ordinal0 [0x0120D607+1758727]&#10;	GetHandleVerifier [0x01416546+1050150]&#10;	GetHandleVerifier [0x01416291+1049457]&#10;	GetHandleVerifier [0x014210D7+1094071]&#10;	GetHandleVerifier [0x01416B46+1051686]&#10;	Ordinal0 [0x01205B06+1727238]&#10;	Ordinal0 [0x0120EB7B+1764219]&#10;	Ordinal0 [0x0120ECE3+1764579]&#10;	Ordinal0 [0x01224C05+1854469]&#10;	BaseThreadInitThunk [0x77418494+36]&#10;	RtlAreBitsSet [0x77684328+136]&#10;	RtlAreBitsSet [0x776842F8+88]&#10;"/>
  </testcase>
  <testcase name="quitDriver" classname="testCases.FlightBook" time="0">
    <skipped/>
  </testcase>
  <testcase name="quitDriver" classname="testCases.FlightBook" time="0">
    <skipped/>
  </testcase>
</testsuite>