<?xml version="1.0" encoding="UTF-8"?>
<testng-results ignored="0" total="2" passed="2" failed="0" skipped="0">
  <reporter-output>
  </reporter-output>
  <suite started-at="2020-08-26T11:20:14 EDT" name="Suite" finished-at="2020-08-26T11:21:04 EDT" duration-ms="50955">
    <groups>
    </groups>
    <test started-at="2020-08-26T11:20:14 EDT" name="User_Registration" finished-at="2020-08-26T11:21:04 EDT" duration-ms="50955">
      <class name="testCases.UsrRegistration">
        <test-method is-config="true" signature="initilizeDriver()[pri:0, instance:testCases.UsrRegistration@161479c6]" started-at="2020-08-26T11:20:14 EDT" name="initilizeDriver" finished-at="2020-08-26T11:20:20 EDT" duration-ms="5588" status="PASS">
          <reporter-output>
          </reporter-output>
        </test-method> <!-- initilizeDriver -->
        <test-method signature="RegisterUser(java.util.Map)[pri:0, instance:testCases.UsrRegistration@161479c6]" started-at="2020-08-26T11:20:20 EDT" name="RegisterUser" data-provider="Data" finished-at="2020-08-26T11:20:37 EDT" duration-ms="17260" status="PASS">
          <params>
            <param index="0">
              <value>
                <![CDATA[{Email=sh@pp.com, FirstName=Tom, Phone=1.23999123E8, TestCaseId=TC01, LastName=Brat, Flag=Yes}]]>
              </value>
            </param>
          </params>
          <reporter-output>
          </reporter-output>
        </test-method> <!-- RegisterUser -->
        <test-method is-config="true" signature="quitDriver(org.testng.ITestResult)[pri:0, instance:testCases.UsrRegistration@161479c6]" started-at="2020-08-26T11:20:37 EDT" name="quitDriver" finished-at="2020-08-26T11:20:39 EDT" duration-ms="1807" status="PASS">
          <params>
            <param index="0">
              <value>
                <![CDATA[[TestResult name=RegisterUser status=SUCCESS method=UsrRegistration.RegisterUser(java.util.Map)[pri:0, instance:testCases.UsrRegistration@161479c6] output={null}]]]>
              </value>
            </param>
          </params>
          <reporter-output>
          </reporter-output>
        </test-method> <!-- quitDriver -->
        <test-method is-config="true" signature="initilizeDriver()[pri:0, instance:testCases.UsrRegistration@161479c6]" started-at="2020-08-26T11:20:39 EDT" name="initilizeDriver" finished-at="2020-08-26T11:20:45 EDT" duration-ms="5586" status="PASS">
          <reporter-output>
          </reporter-output>
        </test-method> <!-- initilizeDriver -->
        <test-method signature="RegisterUser(java.util.Map)[pri:0, instance:testCases.UsrRegistration@161479c6]" started-at="2020-08-26T11:20:45 EDT" name="RegisterUser" data-provider="Data" finished-at="2020-08-26T11:21:03 EDT" duration-ms="17856" status="PASS">
          <params>
            <param index="0">
              <value>
                <![CDATA[{Email=sh@pp.com, FirstName=Jerry, Phone=1.23999123E8, TestCaseId=TC02, LastName=Shaw, Flag=Yes}]]>
              </value>
            </param>
          </params>
          <reporter-output>
          </reporter-output>
        </test-method> <!-- RegisterUser -->
        <test-method is-config="true" signature="quitDriver(org.testng.ITestResult)[pri:0, instance:testCases.UsrRegistration@161479c6]" started-at="2020-08-26T11:21:03 EDT" name="quitDriver" finished-at="2020-08-26T11:21:04 EDT" duration-ms="1952" status="PASS">
          <params>
            <param index="0">
              <value>
                <![CDATA[[TestResult name=RegisterUser status=SUCCESS method=UsrRegistration.RegisterUser(java.util.Map)[pri:0, instance:testCases.UsrRegistration@161479c6] output={null}]]]>
              </value>
            </param>
          </params>
          <reporter-output>
          </reporter-output>
        </test-method> <!-- quitDriver -->
      </class> <!-- testCases.UsrRegistration -->
    </test> <!-- User_Registration -->
  </suite> <!-- Suite -->
</testng-results>
